2025-03-15 17:02:48,353 [Worker-2: Loading available Gradle versions] INFO  o.e.b.c.i.u.g.PublishedGradleVersions - Gradle version information cache is out-of-date. Trying to update.
2025-03-15 17:03:49,527 [Worker-2: Loading available Gradle versions] INFO  o.e.b.c.i.u.g.PublishedGradleVersions - Gradle version information cache is up-to-date. Trying to read.
2025-03-15 17:07:41,145 [ModalContext] INFO  o.e.m.c.i.e.AbstractTransferListenerAdapter - Downloading https://repo.maven.apache.org/maven2/io/github/unlp-oo/archetype/1.0.0/archetype-1.0.0.pom
2025-03-15 17:07:41,188 [ModalContext] INFO  o.e.m.c.i.e.AbstractTransferListenerAdapter - Downloaded https://repo.maven.apache.org/maven2/io/github/unlp-oo/archetype/1.0.0/archetype-1.0.0.pom
2025-03-15 17:07:41,262 [ModalContext] INFO  o.e.m.c.i.e.AbstractTransferListenerAdapter - Downloading https://repo.maven.apache.org/maven2/io/github/unlp-oo/archetype/1.0.0/archetype-1.0.0.jar
2025-03-15 17:07:41,275 [ModalContext] INFO  o.e.m.c.i.e.AbstractTransferListenerAdapter - Downloaded https://repo.maven.apache.org/maven2/io/github/unlp-oo/archetype/1.0.0/archetype-1.0.0.jar
2025-03-15 17:11:37,840 [Worker-14: Launching mavenrun-1d1b8834-0225-4fb5-937b-8a7d71f572a3] INFO  o.eclipse.m2e.core.internal.Bundles - getClasspathEntries(Bundle=org.eclipse.m2e.maven.runtime_3.9.600.20231203-1234 [297])
2025-03-15 17:11:37,843 [Worker-14: Launching mavenrun-1d1b8834-0225-4fb5-937b-8a7d71f572a3] INFO  o.eclipse.m2e.core.internal.Bundles - 	Entry: C:\Users\fuent\.p2\pool\plugins\org.eclipse.m2e.maven.runtime_3.9.600.20231203-1234
2025-03-15 17:11:37,844 [Worker-14: Launching mavenrun-1d1b8834-0225-4fb5-937b-8a7d71f572a3] INFO  o.eclipse.m2e.core.internal.Bundles - 	Entry: C:\Users\fuent\.p2\pool\plugins\org.eclipse.m2e.maven.runtime_3.9.600.20231203-1234\jars\aopalliance-1.0.jar
2025-03-15 17:11:37,844 [Worker-14: Launching mavenrun-1d1b8834-0225-4fb5-937b-8a7d71f572a3] INFO  o.eclipse.m2e.core.internal.Bundles - 	Entry: C:\Users\fuent\.p2\pool\plugins\org.eclipse.m2e.maven.runtime_3.9.600.20231203-1234\jars\guice-5.1.0.jar
2025-03-15 17:11:37,844 [Worker-14: Launching mavenrun-1d1b8834-0225-4fb5-937b-8a7d71f572a3] INFO  o.eclipse.m2e.core.internal.Bundles - 	Entry: C:\Users\fuent\.p2\pool\plugins\org.eclipse.m2e.maven.runtime_3.9.600.20231203-1234\jars\httpclient-4.5.14.jar
2025-03-15 17:11:37,844 [Worker-14: Launching mavenrun-1d1b8834-0225-4fb5-937b-8a7d71f572a3] INFO  o.eclipse.m2e.core.internal.Bundles - 	Entry: C:\Users\fuent\.p2\pool\plugins\org.eclipse.m2e.maven.runtime_3.9.600.20231203-1234\jars\httpcore-4.4.16.jar
2025-03-15 17:11:37,844 [Worker-14: Launching mavenrun-1d1b8834-0225-4fb5-937b-8a7d71f572a3] INFO  o.eclipse.m2e.core.internal.Bundles - 	Entry: C:\Users\fuent\.p2\pool\plugins\org.eclipse.m2e.maven.runtime_3.9.600.20231203-1234\jars\jansi-2.4.0.jar
2025-03-15 17:11:37,844 [Worker-14: Launching mavenrun-1d1b8834-0225-4fb5-937b-8a7d71f572a3] INFO  o.eclipse.m2e.core.internal.Bundles - 	Entry: C:\Users\fuent\.p2\pool\plugins\org.eclipse.m2e.maven.runtime_3.9.600.20231203-1234\jars\jcl-over-slf4j-1.7.36.jar
2025-03-15 17:11:37,845 [Worker-14: Launching mavenrun-1d1b8834-0225-4fb5-937b-8a7d71f572a3] INFO  o.eclipse.m2e.core.internal.Bundles - 	Entry: C:\Users\fuent\.p2\pool\plugins\org.eclipse.m2e.maven.runtime_3.9.600.20231203-1234\jars\maven-artifact-3.9.6.jar
2025-03-15 17:11:37,845 [Worker-14: Launching mavenrun-1d1b8834-0225-4fb5-937b-8a7d71f572a3] INFO  o.eclipse.m2e.core.internal.Bundles - 	Entry: C:\Users\fuent\.p2\pool\plugins\org.eclipse.m2e.maven.runtime_3.9.600.20231203-1234\jars\maven-builder-support-3.9.6.jar
2025-03-15 17:11:37,845 [Worker-14: Launching mavenrun-1d1b8834-0225-4fb5-937b-8a7d71f572a3] INFO  o.eclipse.m2e.core.internal.Bundles - 	Entry: C:\Users\fuent\.p2\pool\plugins\org.eclipse.m2e.maven.runtime_3.9.600.20231203-1234\jars\maven-compat-3.9.6.jar
2025-03-15 17:11:37,845 [Worker-14: Launching mavenrun-1d1b8834-0225-4fb5-937b-8a7d71f572a3] INFO  o.eclipse.m2e.core.internal.Bundles - 	Entry: C:\Users\fuent\.p2\pool\plugins\org.eclipse.m2e.maven.runtime_3.9.600.20231203-1234\jars\maven-core-3.9.6.jar
2025-03-15 17:11:37,845 [Worker-14: Launching mavenrun-1d1b8834-0225-4fb5-937b-8a7d71f572a3] INFO  o.eclipse.m2e.core.internal.Bundles - 	Entry: C:\Users\fuent\.p2\pool\plugins\org.eclipse.m2e.maven.runtime_3.9.600.20231203-1234\jars\maven-embedder-3.9.6.jar
2025-03-15 17:11:37,846 [Worker-14: Launching mavenrun-1d1b8834-0225-4fb5-937b-8a7d71f572a3] INFO  o.eclipse.m2e.core.internal.Bundles - 	Entry: C:\Users\fuent\.p2\pool\plugins\org.eclipse.m2e.maven.runtime_3.9.600.20231203-1234\jars\maven-model-3.9.6.jar
2025-03-15 17:11:37,846 [Worker-14: Launching mavenrun-1d1b8834-0225-4fb5-937b-8a7d71f572a3] INFO  o.eclipse.m2e.core.internal.Bundles - 	Entry: C:\Users\fuent\.p2\pool\plugins\org.eclipse.m2e.maven.runtime_3.9.600.20231203-1234\jars\maven-model-builder-3.9.6.jar
2025-03-15 17:11:37,846 [Worker-14: Launching mavenrun-1d1b8834-0225-4fb5-937b-8a7d71f572a3] INFO  o.eclipse.m2e.core.internal.Bundles - 	Entry: C:\Users\fuent\.p2\pool\plugins\org.eclipse.m2e.maven.runtime_3.9.600.20231203-1234\jars\maven-plugin-api-3.9.6.jar
2025-03-15 17:11:37,846 [Worker-14: Launching mavenrun-1d1b8834-0225-4fb5-937b-8a7d71f572a3] INFO  o.eclipse.m2e.core.internal.Bundles - 	Entry: C:\Users\fuent\.p2\pool\plugins\org.eclipse.m2e.maven.runtime_3.9.600.20231203-1234\jars\maven-repository-metadata-3.9.6.jar
2025-03-15 17:11:37,846 [Worker-14: Launching mavenrun-1d1b8834-0225-4fb5-937b-8a7d71f572a3] INFO  o.eclipse.m2e.core.internal.Bundles - 	Entry: C:\Users\fuent\.p2\pool\plugins\org.eclipse.m2e.maven.runtime_3.9.600.20231203-1234\jars\maven-resolver-api-1.9.18.jar
2025-03-15 17:11:37,847 [Worker-14: Launching mavenrun-1d1b8834-0225-4fb5-937b-8a7d71f572a3] INFO  o.eclipse.m2e.core.internal.Bundles - 	Entry: C:\Users\fuent\.p2\pool\plugins\org.eclipse.m2e.maven.runtime_3.9.600.20231203-1234\jars\maven-resolver-connector-basic-1.9.18.jar
2025-03-15 17:11:37,847 [Worker-14: Launching mavenrun-1d1b8834-0225-4fb5-937b-8a7d71f572a3] INFO  o.eclipse.m2e.core.internal.Bundles - 	Entry: C:\Users\fuent\.p2\pool\plugins\org.eclipse.m2e.maven.runtime_3.9.600.20231203-1234\jars\maven-resolver-impl-1.9.18.jar
2025-03-15 17:11:37,847 [Worker-14: Launching mavenrun-1d1b8834-0225-4fb5-937b-8a7d71f572a3] INFO  o.eclipse.m2e.core.internal.Bundles - 	Entry: C:\Users\fuent\.p2\pool\plugins\org.eclipse.m2e.maven.runtime_3.9.600.20231203-1234\jars\maven-resolver-named-locks-1.9.18.jar
2025-03-15 17:11:37,847 [Worker-14: Launching mavenrun-1d1b8834-0225-4fb5-937b-8a7d71f572a3] INFO  o.eclipse.m2e.core.internal.Bundles - 	Entry: C:\Users\fuent\.p2\pool\plugins\org.eclipse.m2e.maven.runtime_3.9.600.20231203-1234\jars\maven-resolver-provider-3.9.6.jar
2025-03-15 17:11:37,847 [Worker-14: Launching mavenrun-1d1b8834-0225-4fb5-937b-8a7d71f572a3] INFO  o.eclipse.m2e.core.internal.Bundles - 	Entry: C:\Users\fuent\.p2\pool\plugins\org.eclipse.m2e.maven.runtime_3.9.600.20231203-1234\jars\maven-resolver-spi-1.9.18.jar
2025-03-15 17:11:37,848 [Worker-14: Launching mavenrun-1d1b8834-0225-4fb5-937b-8a7d71f572a3] INFO  o.eclipse.m2e.core.internal.Bundles - 	Entry: C:\Users\fuent\.p2\pool\plugins\org.eclipse.m2e.maven.runtime_3.9.600.20231203-1234\jars\maven-resolver-transport-file-1.9.18.jar
2025-03-15 17:11:37,848 [Worker-14: Launching mavenrun-1d1b8834-0225-4fb5-937b-8a7d71f572a3] INFO  o.eclipse.m2e.core.internal.Bundles - 	Entry: C:\Users\fuent\.p2\pool\plugins\org.eclipse.m2e.maven.runtime_3.9.600.20231203-1234\jars\maven-resolver-transport-http-1.9.18.jar
2025-03-15 17:11:37,848 [Worker-14: Launching mavenrun-1d1b8834-0225-4fb5-937b-8a7d71f572a3] INFO  o.eclipse.m2e.core.internal.Bundles - 	Entry: C:\Users\fuent\.p2\pool\plugins\org.eclipse.m2e.maven.runtime_3.9.600.20231203-1234\jars\maven-resolver-transport-wagon-1.9.18.jar
2025-03-15 17:11:37,848 [Worker-14: Launching mavenrun-1d1b8834-0225-4fb5-937b-8a7d71f572a3] INFO  o.eclipse.m2e.core.internal.Bundles - 	Entry: C:\Users\fuent\.p2\pool\plugins\org.eclipse.m2e.maven.runtime_3.9.600.20231203-1234\jars\maven-resolver-util-1.9.18.jar
2025-03-15 17:11:37,849 [Worker-14: Launching mavenrun-1d1b8834-0225-4fb5-937b-8a7d71f572a3] INFO  o.eclipse.m2e.core.internal.Bundles - 	Entry: C:\Users\fuent\.p2\pool\plugins\org.eclipse.m2e.maven.runtime_3.9.600.20231203-1234\jars\maven-settings-3.9.6.jar
2025-03-15 17:11:37,849 [Worker-14: Launching mavenrun-1d1b8834-0225-4fb5-937b-8a7d71f572a3] INFO  o.eclipse.m2e.core.internal.Bundles - 	Entry: C:\Users\fuent\.p2\pool\plugins\org.eclipse.m2e.maven.runtime_3.9.600.20231203-1234\jars\maven-settings-builder-3.9.6.jar
2025-03-15 17:11:37,849 [Worker-14: Launching mavenrun-1d1b8834-0225-4fb5-937b-8a7d71f572a3] INFO  o.eclipse.m2e.core.internal.Bundles - 	Entry: C:\Users\fuent\.p2\pool\plugins\org.eclipse.m2e.maven.runtime_3.9.600.20231203-1234\jars\maven-shared-utils-3.3.4.jar
2025-03-15 17:11:37,849 [Worker-14: Launching mavenrun-1d1b8834-0225-4fb5-937b-8a7d71f572a3] INFO  o.eclipse.m2e.core.internal.Bundles - 	Entry: C:\Users\fuent\.p2\pool\plugins\org.eclipse.m2e.maven.runtime_3.9.600.20231203-1234\jars\org.eclipse.sisu.inject-0.9.0.M2.jar
2025-03-15 17:11:37,849 [Worker-14: Launching mavenrun-1d1b8834-0225-4fb5-937b-8a7d71f572a3] INFO  o.eclipse.m2e.core.internal.Bundles - 	Entry: C:\Users\fuent\.p2\pool\plugins\org.eclipse.m2e.maven.runtime_3.9.600.20231203-1234\jars\org.eclipse.sisu.plexus-0.9.0.M2.jar
2025-03-15 17:11:37,849 [Worker-14: Launching mavenrun-1d1b8834-0225-4fb5-937b-8a7d71f572a3] INFO  o.eclipse.m2e.core.internal.Bundles - 	Entry: C:\Users\fuent\.p2\pool\plugins\org.eclipse.m2e.maven.runtime_3.9.600.20231203-1234\jars\plexus-build-api-0.0.7.jar
2025-03-15 17:11:37,850 [Worker-14: Launching mavenrun-1d1b8834-0225-4fb5-937b-8a7d71f572a3] INFO  o.eclipse.m2e.core.internal.Bundles - 	Entry: C:\Users\fuent\.p2\pool\plugins\org.eclipse.m2e.maven.runtime_3.9.600.20231203-1234\jars\plexus-cipher-2.0.jar
2025-03-15 17:11:37,850 [Worker-14: Launching mavenrun-1d1b8834-0225-4fb5-937b-8a7d71f572a3] INFO  o.eclipse.m2e.core.internal.Bundles - 	Entry: C:\Users\fuent\.p2\pool\plugins\org.eclipse.m2e.maven.runtime_3.9.600.20231203-1234\jars\plexus-classworlds-2.7.0.jar
2025-03-15 17:11:37,850 [Worker-14: Launching mavenrun-1d1b8834-0225-4fb5-937b-8a7d71f572a3] INFO  o.eclipse.m2e.core.internal.Bundles - 	Entry: C:\Users\fuent\.p2\pool\plugins\org.eclipse.m2e.maven.runtime_3.9.600.20231203-1234\jars\plexus-component-annotations-2.1.0.jar
2025-03-15 17:11:37,850 [Worker-14: Launching mavenrun-1d1b8834-0225-4fb5-937b-8a7d71f572a3] INFO  o.eclipse.m2e.core.internal.Bundles - 	Entry: C:\Users\fuent\.p2\pool\plugins\org.eclipse.m2e.maven.runtime_3.9.600.20231203-1234\jars\plexus-interpolation-1.26.jar
2025-03-15 17:11:37,850 [Worker-14: Launching mavenrun-1d1b8834-0225-4fb5-937b-8a7d71f572a3] INFO  o.eclipse.m2e.core.internal.Bundles - 	Entry: C:\Users\fuent\.p2\pool\plugins\org.eclipse.m2e.maven.runtime_3.9.600.20231203-1234\jars\plexus-sec-dispatcher-2.0.jar
2025-03-15 17:11:37,850 [Worker-14: Launching mavenrun-1d1b8834-0225-4fb5-937b-8a7d71f572a3] INFO  o.eclipse.m2e.core.internal.Bundles - 	Entry: C:\Users\fuent\.p2\pool\plugins\org.eclipse.m2e.maven.runtime_3.9.600.20231203-1234\jars\plexus-utils-3.5.1.jar
2025-03-15 17:11:37,851 [Worker-14: Launching mavenrun-1d1b8834-0225-4fb5-937b-8a7d71f572a3] INFO  o.eclipse.m2e.core.internal.Bundles - 	Entry: C:\Users\fuent\.p2\pool\plugins\org.eclipse.m2e.maven.runtime_3.9.600.20231203-1234\jars\wagon-file-3.5.3.jar
2025-03-15 17:11:37,851 [Worker-14: Launching mavenrun-1d1b8834-0225-4fb5-937b-8a7d71f572a3] INFO  o.eclipse.m2e.core.internal.Bundles - 	Entry: C:\Users\fuent\.p2\pool\plugins\org.eclipse.m2e.maven.runtime_3.9.600.20231203-1234\jars\wagon-http-3.5.3.jar
2025-03-15 17:11:37,851 [Worker-14: Launching mavenrun-1d1b8834-0225-4fb5-937b-8a7d71f572a3] INFO  o.eclipse.m2e.core.internal.Bundles - 	Entry: C:\Users\fuent\.p2\pool\plugins\org.eclipse.m2e.maven.runtime_3.9.600.20231203-1234\jars\wagon-http-shared-3.5.3.jar
2025-03-15 17:11:37,851 [Worker-14: Launching mavenrun-1d1b8834-0225-4fb5-937b-8a7d71f572a3] INFO  o.eclipse.m2e.core.internal.Bundles - 	Entry: C:\Users\fuent\.p2\pool\plugins\org.eclipse.m2e.maven.runtime_3.9.600.20231203-1234\jars\wagon-provider-api-3.5.3.jar
2025-03-15 17:11:37,855 [Worker-14: Launching mavenrun-1d1b8834-0225-4fb5-937b-8a7d71f572a3] INFO  o.eclipse.m2e.core.internal.Bundles - getClasspathEntries(Bundle=com.google.guava_33.0.0.jre [10])
2025-03-15 17:11:37,856 [Worker-14: Launching mavenrun-1d1b8834-0225-4fb5-937b-8a7d71f572a3] INFO  o.eclipse.m2e.core.internal.Bundles - 	Entry: C:\Users\fuent\.p2\pool\plugins\com.google.guava_33.0.0.jre.jar
2025-03-15 17:11:37,856 [Worker-14: Launching mavenrun-1d1b8834-0225-4fb5-937b-8a7d71f572a3] INFO  o.eclipse.m2e.core.internal.Bundles - getClasspathEntries(Bundle=slf4j.api_2.0.13 [518])
2025-03-15 17:11:37,857 [Worker-14: Launching mavenrun-1d1b8834-0225-4fb5-937b-8a7d71f572a3] INFO  o.eclipse.m2e.core.internal.Bundles - 	Entry: C:\Users\fuent\.p2\pool\plugins\slf4j.api_2.0.13.jar
2025-03-15 17:11:37,857 [Worker-14: Launching mavenrun-1d1b8834-0225-4fb5-937b-8a7d71f572a3] INFO  o.eclipse.m2e.core.internal.Bundles - getClasspathEntries(Bundle=jakarta.inject.jakarta.inject-api_1.0.5 [22])
2025-03-15 17:11:37,858 [Worker-14: Launching mavenrun-1d1b8834-0225-4fb5-937b-8a7d71f572a3] INFO  o.eclipse.m2e.core.internal.Bundles - 	Entry: C:\Users\fuent\.p2\pool\plugins\jakarta.inject.jakarta.inject-api_1.0.5.jar
2025-03-15 17:11:37,858 [Worker-14: Launching mavenrun-1d1b8834-0225-4fb5-937b-8a7d71f572a3] INFO  o.eclipse.m2e.core.internal.Bundles - getClasspathEntries(Bundle=jakarta.annotation-api_1.3.5 [20])
2025-03-15 17:11:37,859 [Worker-14: Launching mavenrun-1d1b8834-0225-4fb5-937b-8a7d71f572a3] INFO  o.eclipse.m2e.core.internal.Bundles - 	Entry: C:\Users\fuent\.p2\pool\plugins\jakarta.annotation-api_1.3.5.jar
2025-03-15 17:11:37,859 [Worker-14: Launching mavenrun-1d1b8834-0225-4fb5-937b-8a7d71f572a3] INFO  o.eclipse.m2e.core.internal.Bundles - getClasspathEntries(Bundle=org.apache.commons.cli_1.6.0 [46])
2025-03-15 17:11:37,860 [Worker-14: Launching mavenrun-1d1b8834-0225-4fb5-937b-8a7d71f572a3] INFO  o.eclipse.m2e.core.internal.Bundles - 	Entry: C:\Users\fuent\.p2\pool\plugins\org.apache.commons.cli_1.6.0.jar
2025-03-15 17:11:37,860 [Worker-14: Launching mavenrun-1d1b8834-0225-4fb5-937b-8a7d71f572a3] INFO  o.eclipse.m2e.core.internal.Bundles - getClasspathEntries(Bundle=org.apache.commons.commons-codec_1.16.0 [47])
2025-03-15 17:11:37,861 [Worker-14: Launching mavenrun-1d1b8834-0225-4fb5-937b-8a7d71f572a3] INFO  o.eclipse.m2e.core.internal.Bundles - 	Entry: C:\Users\fuent\.p2\pool\plugins\org.apache.commons.commons-codec_1.16.0.jar
2025-03-15 17:11:37,861 [Worker-14: Launching mavenrun-1d1b8834-0225-4fb5-937b-8a7d71f572a3] INFO  o.eclipse.m2e.core.internal.Bundles - getClasspathEntries(Bundle=org.apache.commons.lang3_3.14.0 [53])
2025-03-15 17:11:37,861 [Worker-14: Launching mavenrun-1d1b8834-0225-4fb5-937b-8a7d71f572a3] INFO  o.eclipse.m2e.core.internal.Bundles - 	Entry: C:\Users\fuent\.p2\pool\plugins\org.apache.commons.lang3_3.14.0.jar
2025-03-15 17:11:37,861 [Worker-14: Launching mavenrun-1d1b8834-0225-4fb5-937b-8a7d71f572a3] INFO  o.eclipse.m2e.core.internal.Bundles - getClasspathEntries(Bundle=com.google.guava.failureaccess_1.0.2 [11])
2025-03-15 17:11:37,861 [Worker-14: Launching mavenrun-1d1b8834-0225-4fb5-937b-8a7d71f572a3] INFO  o.eclipse.m2e.core.internal.Bundles - 	Entry: C:\Users\fuent\.p2\pool\plugins\com.google.guava.failureaccess_1.0.2.jar
2025-03-15 17:11:37,874 [Worker-14: Launching mavenrun-1d1b8834-0225-4fb5-937b-8a7d71f572a3] INFO  o.e.m.i.launch.MavenLaunchDelegate - Run build in "C:\Users\fuent\AppData\Local\Temp\m2e-archetypeGenerator11304347197210210755":
2025-03-15 17:11:37,882 [Worker-14: Launching mavenrun-1d1b8834-0225-4fb5-937b-8a7d71f572a3] INFO  o.e.m.i.launch.MavenLaunchDelegate -  mvn  -DarchetypeGroupId=io.github.unlp-oo -DarchetypeArtifactId=archetype -DarchetypeVersion=1.0.0 -DgroupId=ar.edu.unlp.info.oo2 -DartifactId=repaso-ej1 -Dversion=0.0.1-SNAPSHOT -Dpackage=ar.edu.unlp.info.oo2.repaso_ej1 -DoutputDirectory=C:\Programacion\oo2\repaso -Dstyle.color=always -U archetype:generate
2025-03-15 17:11:54,217 [Worker-15: Creating archetype] INFO  o.e.m.c.i.p.ProjectConfigurationManager - Collecting project info '/pom.xml' C:\Programacion\oo2\repaso\repaso-ej1\pom.xml
2025-03-15 17:11:55,179 [Worker-15: Creating archetype] INFO  o.e.m.c.i.l.LifecycleMappingFactory - Using org.eclipse.m2e.jdt.JarLifecycleMapping lifecycle mapping for MavenProject: ar.edu.unlp.info.oo2:repaso-ej1:0.0.1-SNAPSHOT @ C:\Programacion\oo2\repaso\repaso-ej1\pom.xml.
2025-03-15 17:11:56,514 [Worker-15: Creating archetype] INFO  o.e.m.j.i.AbstractJavaProjectConfigurator - Adding source folder /repaso-ej1/src/main/java
2025-03-15 17:11:56,518 [Worker-15: Creating archetype] INFO  o.e.m.j.i.AbstractJavaProjectConfigurator - Adding resource folder /repaso-ej1/src/main/resources
2025-03-15 17:11:56,521 [Worker-15: Creating archetype] INFO  o.e.m.j.i.AbstractJavaProjectConfigurator - Adding source folder /repaso-ej1/src/test/java
2025-03-15 17:11:56,523 [Worker-15: Creating archetype] INFO  o.e.m.j.i.AbstractJavaProjectConfigurator - Adding resource folder /repaso-ej1/src/test/resources
2025-03-15 17:11:56,621 [Worker-15: Creating archetype] INFO  o.e.m.c.i.p.ProjectConfigurationManager - Imported and configured 1 project(s) in 2 sec
2025-03-15 17:11:57,546 [Worker-25: Building] INFO  o.a.m.s.f.DefaultMavenResourcesFiltering - skip non existing resourceDirectory C:\Programacion\oo2\repaso\repaso-ej1\src\main\resources
2025-03-15 17:11:57,553 [Worker-25: Building] INFO  o.a.m.s.f.DefaultMavenResourcesFiltering - skip non existing resourceDirectory C:\Programacion\oo2\repaso\repaso-ej1\src\test\resources
2025-03-15 17:55:38,113 [Worker-29: Building] INFO  o.a.m.s.f.DefaultMavenResourcesFiltering - skip non existing resourceDirectory C:\Programacion\oo2\repaso\repaso-ej1\src\main\resources
2025-03-15 17:55:38,122 [Worker-29: Building] INFO  o.a.m.s.f.DefaultMavenResourcesFiltering - skip non existing resourceDirectory C:\Programacion\oo2\repaso\repaso-ej1\src\test\resources
2025-03-15 17:58:14,831 [Worker-29: Building] INFO  o.a.m.s.f.DefaultMavenResourcesFiltering - skip non existing resourceDirectory C:\Programacion\oo2\repaso\repaso-ej1\src\main\resources
2025-03-15 17:58:14,841 [Worker-29: Building] INFO  o.a.m.s.f.DefaultMavenResourcesFiltering - skip non existing resourceDirectory C:\Programacion\oo2\repaso\repaso-ej1\src\test\resources
2025-03-15 17:58:26,515 [Worker-31: Building] INFO  o.a.m.s.f.DefaultMavenResourcesFiltering - skip non existing resourceDirectory C:\Programacion\oo2\repaso\repaso-ej1\src\main\resources
2025-03-15 17:58:26,521 [Worker-31: Building] INFO  o.a.m.s.f.DefaultMavenResourcesFiltering - skip non existing resourceDirectory C:\Programacion\oo2\repaso\repaso-ej1\src\test\resources
2025-03-15 18:00:16,060 [Worker-32: Building] INFO  o.a.m.s.f.DefaultMavenResourcesFiltering - skip non existing resourceDirectory C:\Programacion\oo2\repaso\repaso-ej1\src\main\resources
2025-03-15 18:00:16,065 [Worker-32: Building] INFO  o.a.m.s.f.DefaultMavenResourcesFiltering - skip non existing resourceDirectory C:\Programacion\oo2\repaso\repaso-ej1\src\test\resources
2025-03-15 18:00:26,444 [Worker-30: Building] INFO  o.a.m.s.f.DefaultMavenResourcesFiltering - skip non existing resourceDirectory C:\Programacion\oo2\repaso\repaso-ej1\src\main\resources
2025-03-15 18:00:26,450 [Worker-30: Building] INFO  o.a.m.s.f.DefaultMavenResourcesFiltering - skip non existing resourceDirectory C:\Programacion\oo2\repaso\repaso-ej1\src\test\resources
2025-03-15 18:01:01,576 [Worker-30: Building] INFO  o.a.m.s.f.DefaultMavenResourcesFiltering - skip non existing resourceDirectory C:\Programacion\oo2\repaso\repaso-ej1\src\main\resources
2025-03-15 18:01:01,582 [Worker-30: Building] INFO  o.a.m.s.f.DefaultMavenResourcesFiltering - skip non existing resourceDirectory C:\Programacion\oo2\repaso\repaso-ej1\src\test\resources
2025-03-15 18:01:15,440 [Worker-21: Building] INFO  o.a.m.s.f.DefaultMavenResourcesFiltering - skip non existing resourceDirectory C:\Programacion\oo2\repaso\repaso-ej1\src\main\resources
2025-03-15 18:01:15,445 [Worker-21: Building] INFO  o.a.m.s.f.DefaultMavenResourcesFiltering - skip non existing resourceDirectory C:\Programacion\oo2\repaso\repaso-ej1\src\test\resources
2025-03-15 18:01:46,283 [Worker-29: Building] INFO  o.a.m.s.f.DefaultMavenResourcesFiltering - skip non existing resourceDirectory C:\Programacion\oo2\repaso\repaso-ej1\src\main\resources
2025-03-15 18:01:46,290 [Worker-29: Building] INFO  o.a.m.s.f.DefaultMavenResourcesFiltering - skip non existing resourceDirectory C:\Programacion\oo2\repaso\repaso-ej1\src\test\resources
2025-03-15 18:01:49,379 [Worker-21: Building] INFO  o.a.m.s.f.DefaultMavenResourcesFiltering - skip non existing resourceDirectory C:\Programacion\oo2\repaso\repaso-ej1\src\main\resources
2025-03-15 18:01:49,385 [Worker-21: Building] INFO  o.a.m.s.f.DefaultMavenResourcesFiltering - skip non existing resourceDirectory C:\Programacion\oo2\repaso\repaso-ej1\src\test\resources
2025-03-15 18:01:57,904 [Worker-32: Building] INFO  o.a.m.s.f.DefaultMavenResourcesFiltering - skip non existing resourceDirectory C:\Programacion\oo2\repaso\repaso-ej1\src\main\resources
2025-03-15 18:01:57,908 [Worker-32: Building] INFO  o.a.m.s.f.DefaultMavenResourcesFiltering - skip non existing resourceDirectory C:\Programacion\oo2\repaso\repaso-ej1\src\test\resources
2025-03-15 18:02:23,924 [Worker-29: Building] INFO  o.a.m.s.f.DefaultMavenResourcesFiltering - skip non existing resourceDirectory C:\Programacion\oo2\repaso\repaso-ej1\src\main\resources
2025-03-15 18:02:23,929 [Worker-29: Building] INFO  o.a.m.s.f.DefaultMavenResourcesFiltering - skip non existing resourceDirectory C:\Programacion\oo2\repaso\repaso-ej1\src\test\resources
2025-03-15 18:02:28,286 [Worker-30: Building] INFO  o.a.m.s.f.DefaultMavenResourcesFiltering - skip non existing resourceDirectory C:\Programacion\oo2\repaso\repaso-ej1\src\main\resources
2025-03-15 18:02:28,289 [Worker-30: Building] INFO  o.a.m.s.f.DefaultMavenResourcesFiltering - skip non existing resourceDirectory C:\Programacion\oo2\repaso\repaso-ej1\src\test\resources
2025-03-15 18:02:34,869 [Worker-30: Building] INFO  o.a.m.s.f.DefaultMavenResourcesFiltering - skip non existing resourceDirectory C:\Programacion\oo2\repaso\repaso-ej1\src\main\resources
2025-03-15 18:02:34,873 [Worker-30: Building] INFO  o.a.m.s.f.DefaultMavenResourcesFiltering - skip non existing resourceDirectory C:\Programacion\oo2\repaso\repaso-ej1\src\test\resources
2025-03-15 18:03:38,777 [Worker-30: Building] INFO  o.a.m.s.f.DefaultMavenResourcesFiltering - skip non existing resourceDirectory C:\Programacion\oo2\repaso\repaso-ej1\src\main\resources
2025-03-15 18:03:38,782 [Worker-30: Building] INFO  o.a.m.s.f.DefaultMavenResourcesFiltering - skip non existing resourceDirectory C:\Programacion\oo2\repaso\repaso-ej1\src\test\resources
2025-03-15 18:03:42,190 [Worker-31: Building] INFO  o.a.m.s.f.DefaultMavenResourcesFiltering - skip non existing resourceDirectory C:\Programacion\oo2\repaso\repaso-ej1\src\main\resources
2025-03-15 18:03:42,194 [Worker-31: Building] INFO  o.a.m.s.f.DefaultMavenResourcesFiltering - skip non existing resourceDirectory C:\Programacion\oo2\repaso\repaso-ej1\src\test\resources
2025-03-15 18:04:12,153 [Worker-32: Building] INFO  o.a.m.s.f.DefaultMavenResourcesFiltering - skip non existing resourceDirectory C:\Programacion\oo2\repaso\repaso-ej1\src\main\resources
2025-03-15 18:04:12,157 [Worker-32: Building] INFO  o.a.m.s.f.DefaultMavenResourcesFiltering - skip non existing resourceDirectory C:\Programacion\oo2\repaso\repaso-ej1\src\test\resources
2025-03-15 18:04:48,812 [Worker-31: Building] INFO  o.a.m.s.f.DefaultMavenResourcesFiltering - skip non existing resourceDirectory C:\Programacion\oo2\repaso\repaso-ej1\src\main\resources
2025-03-15 18:04:48,818 [Worker-31: Building] INFO  o.a.m.s.f.DefaultMavenResourcesFiltering - skip non existing resourceDirectory C:\Programacion\oo2\repaso\repaso-ej1\src\test\resources
2025-03-15 18:05:23,515 [Worker-29: Building] INFO  o.a.m.s.f.DefaultMavenResourcesFiltering - skip non existing resourceDirectory C:\Programacion\oo2\repaso\repaso-ej1\src\main\resources
2025-03-15 18:05:23,519 [Worker-29: Building] INFO  o.a.m.s.f.DefaultMavenResourcesFiltering - skip non existing resourceDirectory C:\Programacion\oo2\repaso\repaso-ej1\src\test\resources
2025-03-15 18:06:04,704 [Worker-31: Building] INFO  o.a.m.s.f.DefaultMavenResourcesFiltering - skip non existing resourceDirectory C:\Programacion\oo2\repaso\repaso-ej1\src\main\resources
2025-03-15 18:06:04,708 [Worker-31: Building] INFO  o.a.m.s.f.DefaultMavenResourcesFiltering - skip non existing resourceDirectory C:\Programacion\oo2\repaso\repaso-ej1\src\test\resources
2025-03-15 18:07:12,049 [Worker-30: Building] INFO  o.a.m.s.f.DefaultMavenResourcesFiltering - skip non existing resourceDirectory C:\Programacion\oo2\repaso\repaso-ej1\src\main\resources
2025-03-15 18:07:12,053 [Worker-30: Building] INFO  o.a.m.s.f.DefaultMavenResourcesFiltering - skip non existing resourceDirectory C:\Programacion\oo2\repaso\repaso-ej1\src\test\resources
2025-03-15 18:08:34,968 [Worker-32: Building] INFO  o.a.m.s.f.DefaultMavenResourcesFiltering - skip non existing resourceDirectory C:\Programacion\oo2\repaso\repaso-ej1\src\main\resources
2025-03-15 18:08:34,973 [Worker-32: Building] INFO  o.a.m.s.f.DefaultMavenResourcesFiltering - skip non existing resourceDirectory C:\Programacion\oo2\repaso\repaso-ej1\src\test\resources
2025-03-15 18:09:36,990 [Worker-32: Building] INFO  o.a.m.s.f.DefaultMavenResourcesFiltering - skip non existing resourceDirectory C:\Programacion\oo2\repaso\repaso-ej1\src\main\resources
2025-03-15 18:09:36,996 [Worker-32: Building] INFO  o.a.m.s.f.DefaultMavenResourcesFiltering - skip non existing resourceDirectory C:\Programacion\oo2\repaso\repaso-ej1\src\test\resources
2025-03-15 18:10:25,780 [Worker-29: Building] INFO  o.a.m.s.f.DefaultMavenResourcesFiltering - skip non existing resourceDirectory C:\Programacion\oo2\repaso\repaso-ej1\src\main\resources
2025-03-15 18:10:25,785 [Worker-29: Building] INFO  o.a.m.s.f.DefaultMavenResourcesFiltering - skip non existing resourceDirectory C:\Programacion\oo2\repaso\repaso-ej1\src\test\resources
2025-03-15 18:11:35,980 [Worker-30: Building] INFO  o.a.m.s.f.DefaultMavenResourcesFiltering - skip non existing resourceDirectory C:\Programacion\oo2\repaso\repaso-ej1\src\main\resources
2025-03-15 18:11:35,983 [Worker-30: Building] INFO  o.a.m.s.f.DefaultMavenResourcesFiltering - skip non existing resourceDirectory C:\Programacion\oo2\repaso\repaso-ej1\src\test\resources
2025-03-15 18:16:18,452 [Worker-32: Building] INFO  o.a.m.s.f.DefaultMavenResourcesFiltering - skip non existing resourceDirectory C:\Programacion\oo2\repaso\repaso-ej1\src\main\resources
2025-03-15 18:16:18,457 [Worker-32: Building] INFO  o.a.m.s.f.DefaultMavenResourcesFiltering - skip non existing resourceDirectory C:\Programacion\oo2\repaso\repaso-ej1\src\test\resources
2025-03-15 18:16:25,851 [Worker-21: Building] INFO  o.a.m.s.f.DefaultMavenResourcesFiltering - skip non existing resourceDirectory C:\Programacion\oo2\repaso\repaso-ej1\src\main\resources
2025-03-15 18:16:25,855 [Worker-21: Building] INFO  o.a.m.s.f.DefaultMavenResourcesFiltering - skip non existing resourceDirectory C:\Programacion\oo2\repaso\repaso-ej1\src\test\resources
2025-03-15 18:24:30,466 [Worker-21: Building] INFO  o.a.m.s.f.DefaultMavenResourcesFiltering - skip non existing resourceDirectory C:\Programacion\oo2\repaso\repaso-ej1\src\main\resources
2025-03-15 18:24:30,471 [Worker-21: Building] INFO  o.a.m.s.f.DefaultMavenResourcesFiltering - skip non existing resourceDirectory C:\Programacion\oo2\repaso\repaso-ej1\src\test\resources
2025-03-15 18:25:22,219 [Worker-21: Building] INFO  o.a.m.s.f.DefaultMavenResourcesFiltering - skip non existing resourceDirectory C:\Programacion\oo2\repaso\repaso-ej1\src\main\resources
2025-03-15 18:25:22,223 [Worker-21: Building] INFO  o.a.m.s.f.DefaultMavenResourcesFiltering - skip non existing resourceDirectory C:\Programacion\oo2\repaso\repaso-ej1\src\test\resources
